-------------------------------------------------------------------------------
Test set: edu.hawaii.its.api.service.TestMemberAttributeService
-------------------------------------------------------------------------------
Tests run: 2, Failures: 0, Errors: 2, Skipped: 0, Time elapsed: 5.630 s <<< FAILURE! -- in edu.hawaii.its.api.service.TestMemberAttributeService
edu.hawaii.its.api.service.TestMemberAttributeService.memberAttributeResultsAsyncTest -- Time elapsed: 2.821 s <<< ERROR!
java.util.concurrent.CompletionException: edu.hawaii.its.api.exception.AccessDeniedException: Insufficient Privileges
	at org.springframework.util.concurrent.FutureUtils.lambda$toSupplier$0(FutureUtils.java:78)
	at java.base/java.util.concurrent.CompletableFuture$AsyncSupply.run(CompletableFuture.java:1768)
	at org.springframework.security.concurrent.DelegatingSecurityContextRunnable.run(DelegatingSecurityContextRunnable.java:96)
	at java.base/java.util.concurrent.ThreadPoolExecutor.runWorker(ThreadPoolExecutor.java:1144)
	at java.base/java.util.concurrent.ThreadPoolExecutor$Worker.run(ThreadPoolExecutor.java:642)
	at java.base/java.lang.Thread.run(Thread.java:1583)
Caused by: edu.hawaii.its.api.exception.AccessDeniedException: Insufficient Privileges
	at edu.hawaii.its.api.service.MemberAttributeService.getMemberAttributeResultsAsync(MemberAttributeService.java:81)
	at java.base/java.lang.reflect.Method.invoke(Method.java:580)
	at org.springframework.aop.support.AopUtils.invokeJoinpointUsingReflection(AopUtils.java:359)
	at org.springframework.aop.framework.ReflectiveMethodInvocation.invokeJoinpoint(ReflectiveMethodInvocation.java:190)
	at org.springframework.aop.framework.ReflectiveMethodInvocation.proceed(ReflectiveMethodInvocation.java:158)
	at org.springframework.aop.interceptor.AsyncExecutionInterceptor.lambda$invoke$0(AsyncExecutionInterceptor.java:112)
	at org.springframework.util.concurrent.FutureUtils.lambda$toSupplier$0(FutureUtils.java:74)
	... 5 more

edu.hawaii.its.api.service.TestMemberAttributeService.memberAttributeResultsTest -- Time elapsed: 2.804 s <<< ERROR!
edu.hawaii.its.api.exception.AccessDeniedException: Insufficient Privileges
	at edu.hawaii.its.api.service.MemberAttributeService.getMemberAttributeResults(MemberAttributeService.java:58)
	at java.base/jdk.internal.reflect.DirectMethodHandleAccessor.invoke(DirectMethodHandleAccessor.java:103)
	at java.base/java.lang.reflect.Method.invoke(Method.java:580)
	at org.springframework.aop.support.AopUtils.invokeJoinpointUsingReflection(AopUtils.java:359)
	at org.springframework.aop.framework.CglibAopProxy$DynamicAdvisedInterceptor.intercept(CglibAopProxy.java:715)
	at edu.hawaii.its.api.service.MemberAttributeService$$SpringCGLIB$$0.getMemberAttributeResults(<generated>)
	at edu.hawaii.its.api.service.TestMemberAttributeService.memberAttributeResultsTest(TestMemberAttributeService.java:100)

