<?xml version="1.0" encoding="UTF-8"?>
<testsuite xmlns:xsi="http://www.w3.org/2001/XMLSchema-instance" xsi:noNamespaceSchemaLocation="https://maven.apache.org/surefire/maven-surefire-plugin/xsd/surefire-test-report.xsd" version="3.0.2" name="edu.hawaii.its.api.service.TestUpdateMemberService" time="63.132" tests="16" errors="0" skipped="0" failures="0">
  <properties>
[...]
</properties>
  <testcase name="addRemoveOwnerGroupingsTest" classname="edu.hawaii.its.api.service.TestUpdateMemberService" time="2.271"/>
  <testcase name="uidAddRemoveIncludeExcludeMembersAsyncTest" classname="edu.hawaii.its.api.service.TestUpdateMemberService" time="10.672"/>
  <testcase name="checkIfAdminUserTest" classname="edu.hawaii.its.api.service.TestUpdateMemberService" time="0.159"/>
  <testcase name="uidAddRemoveIncludeExcludeMemberTest" classname="edu.hawaii.its.api.service.TestUpdateMemberService" time="5.858"/>
  <testcase name="addRemoveOwnershipsTest" classname="edu.hawaii.its.api.service.TestUpdateMemberService" time="2.313"/>
  <testcase name="resetGroupTest" classname="edu.hawaii.its.api.service.TestUpdateMemberService" time="2.783"/>
  <testcase name="optTest" classname="edu.hawaii.its.api.service.TestUpdateMemberService" time="2.608"/>
  <testcase name="uidAddRemoveIncludeExcludeMembersTest" classname="edu.hawaii.its.api.service.TestUpdateMemberService" time="10.681"/>
  <testcase name="removeFromGroupsTest" classname="edu.hawaii.its.api.service.TestUpdateMemberService" time="2.962"/>
  <testcase name="checkIfOwnerOrAdminUserTest" classname="edu.hawaii.its.api.service.TestUpdateMemberService" time="2.268"/>
  <testcase name="addRemoveOwnershipTest" classname="edu.hawaii.its.api.service.TestUpdateMemberService" time="4.07"/>
  <testcase name="validateOptInActionForAlreadyOptedUser" classname="edu.hawaii.its.api.service.TestUpdateMemberService" time="5.601"/>
  <testcase name="resetGroupAsyncTest" classname="edu.hawaii.its.api.service.TestUpdateMemberService" time="2.755"/>
  <testcase name="addRemoveOwnershipsExceptionsTest" classname="edu.hawaii.its.api.service.TestUpdateMemberService" time="0.978"/>
  <testcase name="checkIfSelfOptOrAdminTest" classname="edu.hawaii.its.api.service.TestUpdateMemberService" time="0.104"/>
  <testcase name="addRemoveAdminTest" classname="edu.hawaii.its.api.service.TestUpdateMemberService" time="4.523"/>
</testsuite>